<?xml version="1.0" encoding="UTF-8"?>
<coverage generated="1789988016833" clover="3.2.0">
  <project timestamp="1789988016834" name="All files">
    <metrics statements="4801" coveredstatements="2813" conditionals="4932" coveredconditionals="2835" methods="1223" coveredmethods="626" elements="10956" coveredelements="6274" complexity="0" loc="4801" ncloc="4801" packages="63" files="146" classes="146"/>
    <package name="Personal">
      <metrics statements="0" coveredstatements="0" conditionals="0" coveredconditionals="0" methods="0" coveredmethods="0"/>
      <file name="eidos-ui" path="/Users/pedromealha/Documents/Repositories/Personal/eidos-ui">
        <metrics statements="0" coveredstatements="0" conditionals="0" coveredconditionals="0" methods="0" coveredmethods="0"/>
      </file>
    </package>
    <package name="Personal.eidos-ui..storybook">
      <metrics statements="1" coveredstatements="1" conditionals="0" coveredconditionals="0" methods="0" coveredmethods="0"/>
      <file name="preview-fonts.scss" path="/Users/pedromealha/Documents/Repositories/Personal/eidos-ui/.storybook/preview-fonts.scss">
        <metrics statements="0" coveredstatements="0" conditionals="0" coveredconditionals="0" methods="0" coveredmethods="0"/>
      </file>
      <file name="preview.ts" path="/Users/pedromealha/Documents/Repositories/Personal/eidos-ui/.storybook/preview.ts">
        <metrics statements="1" coveredstatements="1" conditionals="0" coveredconditionals="0" methods="0" coveredmethods="0"/>
        <line num="8" count="62" type="stmt"/>
      </file>
    </package>
    <package name="Personal.eidos-ui.src">
      <metrics statements="47" coveredstatements="46" conditionals="17" coveredconditionals="13" methods="17" coveredmethods="16"/>
      <file name="story-a11y.docs.ts" path="/Users/pedromealha/Documents/Repositories/Personal/eidos-ui/src/story-a11y.docs.ts">
        <metrics statements="32" coveredstatements="32" conditionals="11" coveredconditionals="9" methods="10" coveredmethods="10"/>
        <line num="57" count="4" type="stmt"/>
        <line num="66" count="4" type="stmt"/>
        <line num="67" count="14" type="cond" truecount="1" falsecount="1"/>
        <line num="69" count="4" type="stmt"/>
        <line num="70" count="4" type="stmt"/>
        <line num="71" count="4" type="stmt"/>
        <line num="72" count="4" type="stmt"/>
        <line num="73" count="7" type="stmt"/>
        <line num="79" count="4" type="cond" truecount="2" falsecount="0"/>
        <line num="80" count="3" type="stmt"/>
        <line num="81" count="3" type="stmt"/>
        <line num="82" count="3" type="stmt"/>
        <line num="83" count="20" type="stmt"/>
        <line num="84" count="20" type="stmt"/>
        <line num="91" count="3" type="stmt"/>
        <line num="92" count="3" type="stmt"/>
        <line num="93" count="3" type="stmt"/>
        <line num="94" count="20" type="stmt"/>
        <line num="95" count="20" type="stmt"/>
        <line num="102" count="1" type="stmt"/>
        <line num="103" count="1" type="stmt"/>
        <line num="104" count="1" type="stmt"/>
        <line num="105" count="1" type="cond" truecount="2" falsecount="0"/>
        <line num="106" count="1" type="stmt"/>
        <line num="107" count="1" type="stmt"/>
        <line num="109" count="1" type="stmt"/>
        <line num="116" count="4" type="cond" truecount="1" falsecount="1"/>
        <line num="118" count="4" type="stmt"/>
        <line num="119" count="4" type="stmt"/>
        <line num="125" count="14" type="stmt"/>
        <line num="126" count="4" type="stmt"/>
        <line num="127" count="4" type="stmt"/>
      </file>
      <file name="story-layout.docs.tsx" path="/Users/pedromealha/Documents/Repositories/Personal/eidos-ui/src/story-layout.docs.tsx">
        <metrics statements="15" coveredstatements="14" conditionals="6" coveredconditionals="4" methods="7" coveredmethods="6"/>
        <line num="26" count="21" type="stmt"/>
        <line num="45" count="21" type="cond" truecount="2" falsecount="0"/>
        <line num="46" count="49" type="stmt"/>
        <line num="63" count="21" type="cond" truecount="2" falsecount="0"/>
        <line num="64" count="23" type="stmt"/>
        <line num="85" count="21" type="stmt"/>
        <line num="86" count="35" type="stmt"/>
        <line num="101" count="21" type="stmt"/>
        <line num="102" count="31" type="stmt"/>
        <line num="112" count="21" type="stmt"/>
        <line num="122" count="0" type="stmt"/>
        <line num="138" count="21" type="stmt"/>
        <line num="147" count="1" type="stmt"/>
        <line num="168" count="21" type="stmt"/>
        <line num="169" count="3" type="stmt"/>
      </file>
    </package>
    <package name="Personal.eidos-ui.src.components.Accordion">
      <metrics statements="37" coveredstatements="30" conditionals="43" coveredconditionals="27" methods="9" coveredmethods="6"/>
      <file name="Accordion.component.tsx" path="/Users/pedromealha/Documents/Repositories/Personal/eidos-ui/src/components/Accordion/Accordion.component.tsx">
        <metrics statements="37" coveredstatements="30" conditionals="43" coveredconditionals="27" methods="9" coveredmethods="6"/>
        <line num="1" count="1" type="stmt"/>
        <line num="10" count="1" type="stmt"/>
        <line num="11" count="15" type="cond" truecount="4" falsecount="0"/>
        <line num="17" count="1" type="stmt"/>
        <line num="19" count="1" type="stmt"/>
        <line num="20" count="53" type="stmt"/>
        <line num="21" count="53" type="cond" truecount="1" falsecount="1"/>
        <line num="22" count="53" type="stmt"/>
        <line num="29" count="1" type="stmt"/>
        <line num="40" count="14" type="stmt"/>
        <line num="42" count="14" type="stmt"/>
        <line num="43" count="14" type="cond" truecount="2" falsecount="0"/>
        <line num="45" count="14" type="stmt"/>
        <line num="47" count="0" type="stmt"/>
        <line num="50" count="0" type="cond" truecount="0" falsecount="2"/>
        <line num="51" count="0" type="cond" truecount="0" falsecount="2"/>
        <line num="53" count="0" type="cond" truecount="0" falsecount="2"/>
        <line num="56" count="0" type="cond" truecount="0" falsecount="2"/>
        <line num="57" count="0" type="cond" truecount="0" falsecount="4"/>
        <line num="62" count="14" type="stmt"/>
        <line num="66" count="14" type="stmt"/>
        <line num="73" count="1" type="stmt"/>
        <line num="79" count="1" type="stmt"/>
        <line num="87" count="53" type="stmt"/>
        <line num="88" count="53" type="stmt"/>
        <line num="89" count="53" type="stmt"/>
        <line num="90" count="53" type="stmt"/>
        <line num="91" count="53" type="stmt"/>
        <line num="97" count="53" type="stmt"/>
        <line num="99" count="53" type="stmt"/>
        <line num="100" count="38" type="cond" truecount="1" falsecount="1"/>
        <line num="101" count="38" type="cond" truecount="2" falsecount="0"/>
        <line num="104" count="53" type="stmt"/>
        <line num="113" count="53" type="stmt"/>
        <line num="122" count="53" type="stmt"/>
        <line num="130" count="0" type="cond" truecount="0" falsecount="2"/>
        <line num="152" count="1" type="stmt"/>
      </file>
    </package>
    <package name="Personal.eidos-ui.src.components.Alert">
      <metrics statements="16" coveredstatements="13" conditionals="22" coveredconditionals="18" methods="2" coveredmethods="1"/>
      <file name="Alert.component.tsx" path="/Users/pedromealha/Documents/Repositories/Personal/eidos-ui/src/components/Alert/Alert.component.tsx">
        <metrics statements="16" coveredstatements="13" conditionals="22" coveredconditionals="18" methods="2" coveredmethods="1"/>
        <line num="1" count="2" type="stmt"/>
        <line num="15" count="2" type="stmt"/>
        <line num="26" count="2" type="stmt"/>
        <line num="38" count="0" type="stmt"/>
        <line num="45" count="2" type="stmt"/>
        <line num="54" count="14" type="stmt"/>
        <line num="57" count="14" type="stmt"/>
        <line num="58" count="14" type="stmt"/>
        <line num="60" count="14" type="cond" truecount="2" falsecount="0"/>
        <line num="61" count="13" type="cond" truecount="3" falsecount="1"/>
        <line num="62" count="13" type="stmt"/>
        <line num="63" count="13" type="stmt"/>
        <line num="64" count="0" type="cond" truecount="0" falsecount="2"/>
        <line num="65" count="0" type="stmt"/>
        <line num="69" count="14" type="stmt"/>
        <line num="71" count="14" type="stmt"/>
      </file>
      <file name="Alert.scss" path="/Users/pedromealha/Documents/Repositories/Personal/eidos-ui/src/components/Alert/Alert.scss">
        <metrics statements="0" coveredstatements="0" conditionals="0" coveredconditionals="0" methods="0" coveredmethods="0"/>
      </file>
      <file name="index.ts" path="/Users/pedromealha/Documents/Repositories/Personal/eidos-ui/src/components/Alert/index.ts">
        <metrics statements="0" coveredstatements="0" conditionals="0" coveredconditionals="0" methods="0" coveredmethods="0"/>
      </file>
    </package>
    <package name="Personal.eidos-ui.src.components.Avatar">
      <metrics statements="25" coveredstatements="21" conditionals="46" coveredconditionals="39" methods="8" coveredmethods="6"/>
      <file name="Avatar.component.tsx" path="/Users/pedromealha/Documents/Repositories/Personal/eidos-ui/src/components/Avatar/Avatar.component.tsx">
        <metrics statements="25" coveredstatements="21" conditionals="46" coveredconditionals="39" methods="8" coveredmethods="6"/>
        <line num="1" count="11" type="stmt"/>
        <line num="10" count="11" type="stmt"/>
        <line num="24" count="153" type="stmt"/>
        <line num="25" count="153" type="cond" truecount="2" falsecount="0"/>
        <line num="26" count="133" type="stmt"/>
        <line num="30" count="331" type="stmt"/>
        <line num="31" count="40" type="stmt"/>
        <line num="38" count="11" type="stmt"/>
        <line num="49" count="156" type="stmt"/>
        <line num="51" count="156" type="cond" truecount="2" falsecount="0"/>
        <line num="52" count="156" type="cond" truecount="2" falsecount="0"/>
        <line num="53" count="156" type="cond" truecount="2" falsecount="0"/>
        <line num="55" count="156" type="cond" truecount="4" falsecount="0"/>
        <line num="57" count="156" type="stmt"/>
        <line num="68" count="156" type="stmt"/>
        <line num="77" count="0" type="cond" truecount="0" falsecount="4"/>
        <line num="78" count="0" type="stmt"/>
        <line num="79" count="0" type="stmt"/>
        <line num="90" count="0" type="stmt"/>
        <line num="104" count="11" type="stmt"/>
        <line num="105" count="4" type="stmt"/>
        <line num="106" count="4" type="cond" truecount="1" falsecount="1"/>
        <line num="107" count="4" type="stmt"/>
        <line num="109" count="4" type="stmt"/>
        <line num="112" count="16" type="stmt"/>
      </file>
      <file name="Avatar.scss" path="/Users/pedromealha/Documents/Repositories/Personal/eidos-ui/src/components/Avatar/Avatar.scss">
        <metrics statements="0" coveredstatements="0" conditionals="0" coveredconditionals="0" methods="0" coveredmethods="0"/>
      </file>
      <file name="index.ts" path="/Users/pedromealha/Documents/Repositories/Personal/eidos-ui/src/components/Avatar/index.ts">
        <metrics statements="0" coveredstatements="0" conditionals="0" coveredconditionals="0" methods="0" coveredmethods="0"/>
      </file>
    </package>
    <package name="Personal.eidos-ui.src.components.Badge">
      <metrics statements="10" coveredstatements="10" conditionals="27" coveredconditionals="27" methods="1" coveredmethods="1"/>
      <file name="Badge.component.tsx" path="/Users/pedromealha/Documents/Repositories/Personal/eidos-ui/src/components/Badge/Badge.component.tsx">
        <metrics statements="10" coveredstatements="10" conditionals="27" coveredconditionals="27" methods="1" coveredmethods="1"/>
        <line num="1" count="4" type="stmt"/>
        <line num="5" count="4" type="stmt"/>
        <line num="17" count="25" type="cond" truecount="3" falsecount="0"/>
        <line num="18" count="25" type="stmt"/>
        <line num="19" count="25" type="cond" truecount="6" falsecount="0"/>
        <line num="21" count="25" type="stmt"/>
        <line num="22" count="25" type="cond" truecount="5" falsecount="0"/>
        <line num="23" count="1" type="stmt"/>
        <line num="26" count="25" type="stmt"/>
        <line num="38" count="25" type="stmt"/>
      </file>
      <file name="Badge.scss" path="/Users/pedromealha/Documents/Repositories/Personal/eidos-ui/src/components/Badge/Badge.scss">
        <metrics statements="0" coveredstatements="0" conditionals="0" coveredconditionals="0" methods="0" coveredmethods="0"/>
      </file>
      <file name="index.ts" path="/Users/pedromealha/Documents/Repositories/Personal/eidos-ui/src/components/Badge/index.ts">
        <metrics statements="0" coveredstatements="0" conditionals="0" coveredconditionals="0" methods="0" coveredmethods="0"/>
      </file>
    </package>
    <package name="Personal.eidos-ui.src.components.Breadcrumb">
      <metrics statements="6" coveredstatements="6" conditionals="16" coveredconditionals="15" methods="2" coveredmethods="2"/>
      <file name="Breadcrumb.component.tsx" path="/Users/pedromealha/Documents/Repositories/Personal/eidos-ui/src/components/Breadcrumb/Breadcrumb.component.tsx">
        <metrics statements="6" coveredstatements="6" conditionals="16" coveredconditionals="15" methods="2" coveredmethods="2"/>
        <line num="1" count="3" type="stmt"/>
        <line num="4" count="3" type="stmt"/>
        <line num="9" count="17" type="stmt"/>
        <line num="15" count="56" type="stmt"/>
        <line num="17" count="56" type="stmt"/>
        <line num="57" count="3" type="stmt"/>
      </file>
      <file name="index.ts" path="/Users/pedromealha/Documents/Repositories/Personal/eidos-ui/src/components/Breadcrumb/index.ts">
        <metrics statements="0" coveredstatements="0" conditionals="0" coveredconditionals="0" methods="0" coveredmethods="0"/>
      </file>
    </package>
    <package name="Personal.eidos-ui.src.components.Button">
      <metrics statements="15" coveredstatements="12" conditionals="39" coveredconditionals="35" methods="2" coveredmethods="2"/>
      <file name="Button.component.tsx" path="/Users/pedromealha/Documents/Repositories/Personal/eidos-ui/src/components/Button/Button.component.tsx">
        <metrics statements="15" coveredstatements="12" conditionals="39" coveredconditionals="35" methods="2" coveredmethods="2"/>
        <line num="1" count="29" type="stmt"/>
        <line num="7" count="29" type="stmt"/>
        <line num="22" count="513" type="stmt"/>
        <line num="24" count="513" type="cond" truecount="2" falsecount="0"/>
        <line num="25" count="200" type="cond" truecount="1" falsecount="1"/>
        <line num="26" count="0" type="stmt"/>
        <line num="28" count="200" type="cond" truecount="1" falsecount="1"/>
        <line num="29" count="0" type="stmt"/>
        <line num="31" count="200" type="cond" truecount="1" falsecount="1"/>
        <line num="32" count="0" type="stmt"/>
        <line num="36" count="513" type="stmt"/>
        <line num="50" count="513" type="cond" truecount="2" falsecount="0"/>
        <line num="83" count="513" type="cond" truecount="2" falsecount="0"/>
        <line num="97" count="29" type="stmt"/>
        <line num="98" count="67" type="stmt"/>
      </file>
      <file name="index.ts" path="/Users/pedromealha/Documents/Repositories/Personal/eidos-ui/src/components/Button/index.ts">
        <metrics statements="0" coveredstatements="0" conditionals="0" coveredconditionals="0" methods="0" coveredmethods="0"/>
      </file>
    </package>
    <package name="Personal.eidos-ui.src.components.ButtonGroup">
      <metrics statements="8" coveredstatements="8" conditionals="13" coveredconditionals="12" methods="2" coveredmethods="2"/>
      <file name="ButtonGroup.component.tsx" path="/Users/pedromealha/Documents/Repositories/Personal/eidos-ui/src/components/ButtonGroup/ButtonGroup.component.tsx">
        <metrics statements="8" coveredstatements="8" conditionals="13" coveredconditionals="12" methods="2" coveredmethods="2"/>
        <line num="1" count="1" type="stmt"/>
        <line num="21" count="1" type="stmt"/>
        <line num="29" count="8" type="stmt"/>
        <line num="30" count="23" type="cond" truecount="1" falsecount="1"/>
        <line num="32" count="23" type="stmt"/>
        <line num="33" count="23" type="stmt"/>
        <line num="40" count="8" type="stmt"/>
        <line num="44" count="8" type="stmt"/>
      </file>
    </package>
    <package name="Personal.eidos-ui.src.components.Card">
      <metrics statements="5" coveredstatements="5" conditionals="8" coveredconditionals="8" methods="1" coveredmethods="1"/>
      <file name="Card.component.tsx" path="/Users/pedromealha/Documents/Repositories/Personal/eidos-ui/src/components/Card/Card.component.tsx">
        <metrics statements="5" coveredstatements="5" conditionals="8" coveredconditionals="8" methods="1" coveredmethods="1"/>
        <line num="1" count="3" type="stmt"/>
        <line num="5" count="3" type="stmt"/>
        <line num="15" count="28" type="cond" truecount="2" falsecount="0"/>
        <line num="17" count="28" type="stmt"/>
        <line num="27" count="28" type="stmt"/>
      </file>
      <file name="Card.scss" path="/Users/pedromealha/Documents/Repositories/Personal/eidos-ui/src/components/Card/Card.scss">
        <metrics statements="0" coveredstatements="0" conditionals="0" coveredconditionals="0" methods="0" coveredmethods="0"/>
      </file>
      <file name="index.ts" path="/Users/pedromealha/Documents/Repositories/Personal/eidos-ui/src/components/Card/index.ts">
        <metrics statements="0" coveredstatements="0" conditionals="0" coveredconditionals="0" methods="0" coveredmethods="0"/>
      </file>
    </package>
    <package name="Personal.eidos-ui.src.components.Checkbox">
      <metrics statements="28" coveredstatements="21" conditionals="43" coveredconditionals="38" methods="5" coveredmethods="3"/>
      <file name="Checkbox.component.tsx" path="/Users/pedromealha/Documents/Repositories/Personal/eidos-ui/src/components/Checkbox/Checkbox.component.tsx">
        <metrics statements="28" coveredstatements="21" conditionals="43" coveredconditionals="38" methods="5" coveredmethods="3"/>
        <line num="1" count="3" type="stmt"/>
        <line num="5" count="3" type="stmt"/>
        <line num="24" count="442" type="stmt"/>
        <line num="25" count="442" type="cond" truecount="2" falsecount="0"/>
        <line num="28" count="442" type="stmt"/>
        <line num="33" count="442" type="stmt"/>
        <line num="34" count="442" type="cond" truecount="2" falsecount="0"/>
        <line num="37" count="442" type="cond" truecount="2" falsecount="0"/>
        <line num="40" count="442" type="stmt"/>
        <line num="41" count="245" type="cond" truecount="1" falsecount="1"/>
        <line num="42" count="245" type="stmt"/>
        <line num="49" count="442" type="stmt"/>
        <line num="51" count="481" type="stmt"/>
        <line num="52" count="481" type="cond" truecount="1" falsecount="1"/>
        <line num="53" count="0" type="stmt"/>
        <line num="54" count="481" type="cond" truecount="1" falsecount="1"/>
        <line num="55" count="0" type="stmt"/>
        <line num="61" count="442" type="stmt"/>
        <line num="62" count="0" type="cond" truecount="0" falsecount="2"/>
        <line num="63" count="0" type="stmt"/>
        <line num="65" count="0" type="stmt"/>
        <line num="78" count="442" type="stmt"/>
        <line num="79" count="0" type="stmt"/>
        <line num="80" count="0" type="stmt"/>
        <line num="83" count="442" type="stmt"/>
        <line num="93" count="442" type="stmt"/>
        <line num="103" count="442" type="stmt"/>
        <line num="135" count="3" type="stmt"/>
      </file>
      <file name="index.ts" path="/Users/pedromealha/Documents/Repositories/Personal/eidos-ui/src/components/Checkbox/index.ts">
        <metrics statements="0" coveredstatements="0" conditionals="0" coveredconditionals="0" methods="0" coveredmethods="0"/>
      </file>
    </package>
    <package name="Personal.eidos-ui.src.components.Chip">
      <metrics statements="18" coveredstatements="10" conditionals="55" coveredconditionals="40" methods="4" coveredmethods="1"/>
      <file name="Chip.component.tsx" path="/Users/pedromealha/Documents/Repositories/Personal/eidos-ui/src/components/Chip/Chip.component.tsx">
        <metrics statements="18" coveredstatements="10" conditionals="55" coveredconditionals="40" methods="4" coveredmethods="1"/>
        <line num="1" count="10" type="stmt"/>
        <line num="7" count="10" type="stmt"/>
        <line num="22" count="197" type="stmt"/>
        <line num="23" count="197" type="stmt"/>
        <line num="26" count="197" type="stmt"/>
        <line num="40" count="197" type="stmt"/>
        <line num="41" count="0" type="cond" truecount="0" falsecount="4"/>
        <line num="42" count="0" type="stmt"/>
        <line num="45" count="197" type="stmt"/>
        <line num="46" count="0" type="stmt"/>
        <line num="47" count="0" type="cond" truecount="0" falsecount="4"/>
        <line num="48" count="0" type="stmt"/>
        <line num="52" count="197" type="cond" truecount="4" falsecount="0"/>
        <line num="55" count="197" type="stmt"/>
        <line num="64" count="0" type="cond" truecount="0" falsecount="5"/>
        <line num="65" count="0" type="stmt"/>
        <line num="66" count="0" type="stmt"/>
        <line num="93" count="197" type="cond" truecount="2" falsecount="0"/>
      </file>
      <file name="index.ts" path="/Users/pedromealha/Documents/Repositories/Personal/eidos-ui/src/components/Chip/index.ts">
        <metrics statements="0" coveredstatements="0" conditionals="0" coveredconditionals="0" methods="0" coveredmethods="0"/>
      </file>
    </package>
    <package name="Personal.eidos-ui.src.components.ColorPicker">
      <metrics statements="235" coveredstatements="127" conditionals="129" coveredconditionals="68" methods="38" coveredmethods="16"/>
      <file name="ColorPicker.component.tsx" path="/Users/pedromealha/Documents/Repositories/Personal/eidos-ui/src/components/ColorPicker/ColorPicker.component.tsx">
        <metrics statements="235" coveredstatements="127" conditionals="129" coveredconditionals="68" methods="38" coveredmethods="16"/>
        <line num="1" count="2" type="stmt"/>
        <line num="16" count="2" type="stmt"/>
        <line num="35" count="72" type="stmt"/>
        <line num="36" count="72" type="stmt"/>
        <line num="37" count="72" type="stmt"/>
        <line num="38" count="72" type="stmt"/>
        <line num="39" count="72" type="stmt"/>
        <line num="42" count="72" type="cond" truecount="2" falsecount="0"/>
        <line num="43" count="6" type="stmt"/>
        <line num="44" count="6" type="stmt"/>
        <line num="45" count="6" type="stmt"/>
        <line num="46" count="66" type="cond" truecount="1" falsecount="1"/>
        <line num="47" count="0" type="stmt"/>
        <line num="48" count="0" type="stmt"/>
        <line num="49" count="0" type="stmt"/>
        <line num="50" count="66" type="cond" truecount="2" falsecount="0"/>
        <line num="51" count="11" type="stmt"/>
        <line num="52" count="11" type="stmt"/>
        <line num="53" count="11" type="stmt"/>
        <line num="54" count="55" type="cond" truecount="2" falsecount="0"/>
        <line num="55" count="41" type="stmt"/>
        <line num="56" count="41" type="stmt"/>
        <line num="57" count="41" type="stmt"/>
        <line num="58" count="14" type="cond" truecount="1" falsecount="1"/>
        <line num="59" count="0" type="stmt"/>
        <line num="60" count="0" type="stmt"/>
        <line num="61" count="0" type="stmt"/>
        <line num="63" count="14" type="stmt"/>
        <line num="64" count="14" type="stmt"/>
        <line num="65" count="14" type="stmt"/>
        <line num="68" count="72" type="stmt"/>
        <line num="77" count="72" type="stmt"/>
        <line num="78" count="72" type="stmt"/>
        <line num="79" count="72" type="stmt"/>
        <line num="81" count="72" type="stmt"/>
        <line num="82" count="72" type="stmt"/>
        <line num="83" count="72" type="stmt"/>
        <line num="85" count="72" type="stmt"/>
        <line num="86" count="72" type="cond" truecount="1" falsecount="1"/>
        <line num="88" count="72" type="stmt"/>
        <line num="89" count="72" type="cond" truecount="1" falsecount="1"/>
        <line num="90" count="72" type="cond" truecount="2" falsecount="0"/>
        <line num="91" count="52" type="cond" truecount="2" falsecount="0"/>
        <line num="92" count="41" type="stmt"/>
        <line num="93" count="72" type="stmt"/>
        <line num="94" count="72" type="cond" truecount="2" falsecount="0"/>
        <line num="104" count="72" type="stmt"/>
        <line num="108" count="71" type="stmt"/>
        <line num="109" count="213" type="stmt"/>
        <line num="112" count="71" type="stmt"/>
        <line num="116" count="72" type="stmt"/>
        <line num="119" count="72" type="cond" truecount="1" falsecount="1"/>
        <line num="120" count="0" type="stmt"/>
        <line num="121" count="0" type="stmt"/>
        <line num="122" count="0" type="stmt"/>
        <line num="123" count="72" type="cond" truecount="1" falsecount="1"/>
        <line num="124" count="72" type="stmt"/>
        <line num="125" count="72" type="stmt"/>
        <line num="126" count="72" type="stmt"/>
        <line num="128" count="0" type="stmt"/>
        <line num="131" count="72" type="cond" truecount="4" falsecount="1"/>
        <line num="132" count="72" type="stmt"/>
        <line num="137" count="1" type="stmt"/>
        <line num="138" count="1" type="stmt"/>
        <line num="139" count="1" type="stmt"/>
        <line num="141" count="1" type="stmt"/>
        <line num="142" count="1" type="stmt"/>
        <line num="143" count="1" type="stmt"/>
        <line num="144" count="1" type="stmt"/>
        <line num="146" count="1" type="stmt"/>
        <line num="147" count="1" type="stmt"/>
        <line num="149" count="1" type="cond" truecount="1" falsecount="1"/>
        <line num="150" count="1" type="stmt"/>
        <line num="151" count="1" type="cond" truecount="1" falsecount="1"/>
        <line num="152" count="1" type="cond" truecount="1" falsecount="1"/>
        <line num="153" count="1" type="stmt"/>
        <line num="154" count="1" type="stmt"/>
        <line num="155" count="1" type="cond" truecount="1" falsecount="1"/>
        <line num="158" count="1" type="stmt"/>
        <line num="163" count="0" type="stmt"/>
        <line num="164" count="0" type="stmt"/>
        <line num="165" count="0" type="stmt"/>
        <line num="166" count="0" type="stmt"/>
        <line num="167" count="0" type="stmt"/>
        <line num="170" count="0" type="cond" truecount="0" falsecount="2"/>
        <line num="171" count="0" type="stmt"/>
        <line num="172" count="0" type="stmt"/>
        <line num="173" count="0" type="stmt"/>
        <line num="174" count="0" type="cond" truecount="0" falsecount="2"/>
        <line num="175" count="0" type="stmt"/>
        <line num="176" count="0" type="stmt"/>
        <line num="177" count="0" type="stmt"/>
        <line num="178" count="0" type="cond" truecount="0" falsecount="2"/>
        <line num="179" count="0" type="stmt"/>
        <line num="180" count="0" type="stmt"/>
        <line num="181" count="0" type="stmt"/>
        <line num="182" count="0" type="cond" truecount="0" falsecount="2"/>
        <line num="183" count="0" type="stmt"/>
        <line num="184" count="0" type="stmt"/>
        <line num="185" count="0" type="stmt"/>
        <line num="186" count="0" type="cond" truecount="0" falsecount="2"/>
        <line num="187" count="0" type="stmt"/>
        <line num="188" count="0" type="stmt"/>
        <line num="189" count="0" type="stmt"/>
        <line num="191" count="0" type="stmt"/>
        <line num="192" count="0" type="stmt"/>
        <line num="193" count="0" type="stmt"/>
        <line num="196" count="0" type="stmt"/>
        <line num="208" count="27" type="stmt"/>
        <line num="210" count="27" type="cond" truecount="2" falsecount="1"/>
        <line num="212" count="26" type="stmt"/>
        <line num="214" count="0" type="cond" truecount="0" falsecount="2"/>
        <line num="218" count="1" type="stmt"/>
        <line num="219" count="1" type="cond" truecount="1" falsecount="1"/>
        <line num="227" count="0" type="stmt"/>
        <line num="230" count="0" type="cond" truecount="0" falsecount="4"/>
        <line num="231" count="0" type="cond" truecount="0" falsecount="2"/>
        <line num="234" count="0" type="stmt"/>
        <line num="235" count="0" type="cond" truecount="0" falsecount="2"/>
        <line num="236" count="0" type="stmt"/>
        <line num="244" count="0" type="stmt"/>
        <line num="245" count="0" type="cond" truecount="0" falsecount="2"/>
        <line num="246" count="0" type="stmt"/>
        <line num="253" count="0" type="stmt"/>
        <line num="258" count="54" type="stmt"/>
        <line num="259" count="54" type="cond" truecount="1" falsecount="1"/>
        <line num="266" count="2" type="stmt"/>
        <line num="281" count="27" type="cond" truecount="2" falsecount="1"/>
        <line num="284" count="27" type="stmt"/>
        <line num="285" count="27" type="stmt"/>
        <line num="286" count="27" type="stmt"/>
        <line num="287" count="27" type="stmt"/>
        <line num="288" count="27" type="stmt"/>
        <line num="290" count="27" type="stmt"/>
        <line num="293" count="27" type="stmt"/>
        <line num="294" count="27" type="stmt"/>
        <line num="296" count="27" type="stmt"/>
        <line num="297" count="27" type="stmt"/>
        <line num="299" count="27" type="stmt"/>
        <line num="300" count="27" type="stmt"/>
        <line num="303" count="27" type="stmt"/>
        <line num="304" count="27" type="stmt"/>
        <line num="306" count="27" type="stmt"/>
        <line num="307" count="27" type="stmt"/>
        <line num="310" count="27" type="stmt"/>
        <line num="315" count="27" type="stmt"/>
        <line num="318" count="27" type="stmt"/>
        <line num="319" count="27" type="stmt"/>
        <line num="325" count="27" type="stmt"/>
        <line num="326" count="27" type="cond" truecount="2" falsecount="0"/>
        <line num="327" count="18" type="stmt"/>
        <line num="328" count="18" type="cond" truecount="1" falsecount="1"/>
        <line num="329" count="18" type="stmt"/>
        <line num="330" count="18" type="stmt"/>
        <line num="335" count="18" type="cond" truecount="1" falsecount="1"/>
        <line num="336" count="0" type="stmt"/>
        <line num="337" count="0" type="cond" truecount="0" falsecount="2"/>
        <line num="338" count="0" type="stmt"/>
        <line num="343" count="27" type="stmt"/>
        <line num="344" count="27" type="stmt"/>
        <line num="345" count="23" type="cond" truecount="1" falsecount="1"/>
        <line num="346" count="0" type="stmt"/>
        <line num="347" count="0" type="stmt"/>
        <line num="349" count="23" type="cond" truecount="1" falsecount="1"/>
        <line num="355" count="27" type="stmt"/>
        <line num="356" count="0" type="stmt"/>
        <line num="357" count="0" type="stmt"/>
        <line num="359" count="0" type="cond" truecount="0" falsecount="2"/>
        <line num="360" count="0" type="stmt"/>
        <line num="363" count="0" type="stmt"/>
        <line num="364" count="0" type="stmt"/>
        <line num="365" count="0" type="stmt"/>
        <line num="369" count="27" type="stmt"/>
        <line num="371" count="0" type="cond" truecount="0" falsecount="2"/>
        <line num="372" count="0" type="stmt"/>
        <line num="374" count="0" type="stmt"/>
        <line num="375" count="0" type="stmt"/>
        <line num="376" count="0" type="cond" truecount="0" falsecount="2"/>
        <line num="377" count="0" type="stmt"/>
        <line num="378" count="0" type="stmt"/>
        <line num="379" count="0" type="stmt"/>
        <line num="380" count="0" type="stmt"/>
        <line num="383" count="0" type="stmt"/>
        <line num="385" count="0" type="stmt"/>
        <line num="386" count="0" type="stmt"/>
        <line num="387" count="0" type="stmt"/>
        <line num="388" count="0" type="stmt"/>
        <line num="389" count="0" type="stmt"/>
        <line num="392" count="0" type="stmt"/>
        <line num="393" count="0" type="stmt"/>
        <line num="394" count="0" type="stmt"/>
        <line num="400" count="27" type="stmt"/>
        <line num="402" count="0" type="stmt"/>
        <line num="408" count="27" type="stmt"/>
        <line num="410" count="0" type="stmt"/>
        <line num="416" count="27" type="stmt"/>
        <line num="417" count="0" type="stmt"/>
        <line num="418" count="0" type="stmt"/>
        <line num="422" count="27" type="stmt"/>
        <line num="423" count="0" type="stmt"/>
        <line num="424" count="0" type="cond" truecount="0" falsecount="2"/>
        <line num="426" count="0" type="stmt"/>
        <line num="427" count="0" type="stmt"/>
        <line num="429" count="0" type="stmt"/>
        <line num="430" count="0" type="stmt"/>
        <line num="432" count="0" type="stmt"/>
        <line num="436" count="27" type="stmt"/>
        <line num="438" count="0" type="stmt"/>
        <line num="439" count="0" type="cond" truecount="0" falsecount="2"/>
        <line num="440" count="0" type="stmt"/>
        <line num="446" count="27" type="stmt"/>
        <line num="447" count="0" type="stmt"/>
        <line num="448" count="0" type="stmt"/>
        <line num="451" count="0" type="stmt"/>
        <line num="452" count="0" type="cond" truecount="0" falsecount="2"/>
        <line num="453" count="0" type="stmt"/>
        <line num="463" count="27" type="stmt"/>
        <line num="465" count="27" type="stmt"/>
        <line num="485" count="27" type="stmt"/>
        <line num="553" count="81" type="stmt"/>
        <line num="562" count="0" type="stmt"/>
        <line num="578" count="0" type="stmt"/>
        <line num="580" count="0" type="stmt"/>
        <line num="583" count="0" type="stmt"/>
        <line num="584" count="0" type="stmt"/>
        <line num="587" count="0" type="cond" truecount="0" falsecount="2"/>
        <line num="588" count="0" type="cond" truecount="0" falsecount="2"/>
        <line num="589" count="0" type="stmt"/>
        <line num="612" count="270" type="stmt"/>
        <line num="622" count="0" type="stmt"/>
        <line num="634" count="27" type="stmt"/>
        <line num="644" count="27" type="cond" truecount="2" falsecount="0"/>
        <line num="645" count="5" type="stmt"/>
        <line num="654" count="22" type="stmt"/>
        <line num="682" count="2" type="stmt"/>
      </file>
      <file name="index.ts" path="/Users/pedromealha/Documents/Repositories/Personal/eidos-ui/src/components/ColorPicker/index.ts">
        <metrics statements="0" coveredstatements="0" conditionals="0" coveredconditionals="0" methods="0" coveredmethods="0"/>
      </file>
    </package>
    <package name="Personal.eidos-ui.src.components.Combobox">
      <metrics statements="209" coveredstatements="96" conditionals="158" coveredconditionals="73" methods="47" coveredmethods="20"/>
      <file name="Combobox.component.tsx" path="/Users/pedromealha/Documents/Repositories/Personal/eidos-ui/src/components/Combobox/Combobox.component.tsx">
        <metrics statements="209" coveredstatements="96" conditionals="158" coveredconditionals="73" methods="47" coveredmethods="20"/>
        <line num="1" count="2" type="stmt"/>
        <line num="17" count="2" type="stmt"/>
        <line num="39" count="15" type="stmt"/>
        <line num="44" count="15" type="stmt"/>
        <line num="47" count="15" type="stmt"/>
        <line num="50" count="15" type="stmt"/>
        <line num="53" count="15" type="stmt"/>
        <line num="56" count="15" type="stmt"/>
        <line num="63" count="15" type="stmt"/>
        <line num="67" count="15" type="stmt"/>
        <line num="69" count="15" type="stmt"/>
        <line num="70" count="14" type="cond" truecount="2" falsecount="0"/>
        <line num="71" count="14" type="cond" truecount="2" falsecount="0"/>
        <line num="72" count="5" type="stmt"/>
        <line num="73" count="2" type="cond" truecount="1" falsecount="3"/>
        <line num="76" count="15" type="stmt"/>
        <line num="77" count="14" type="cond" truecount="5" falsecount="1"/>
        <line num="80" count="15" type="stmt"/>
        <line num="81" count="15" type="stmt"/>
        <line num="82" count="15" type="stmt"/>
        <line num="83" count="4" type="stmt"/>
        <line num="84" count="4" type="stmt"/>
        <line num="87" count="15" type="stmt"/>
        <line num="88" count="15" type="stmt"/>
        <line num="89" count="15" type="stmt"/>
        <line num="90" count="4" type="stmt"/>
        <line num="91" count="4" type="stmt"/>
        <line num="94" count="15" type="stmt"/>
        <line num="95" count="15" type="stmt"/>
        <line num="96" count="15" type="stmt"/>
        <line num="100" count="15" type="stmt"/>
        <line num="101" count="15" type="cond" truecount="2" falsecount="0"/>
        <line num="102" count="4" type="cond" truecount="1" falsecount="1"/>
        <line num="103" count="34" type="stmt"/>
        <line num="104" count="15" type="cond" truecount="4" falsecount="0"/>
        <line num="105" count="15" type="stmt"/>
        <line num="106" count="15" type="stmt"/>
        <line num="111" count="15" type="stmt"/>
        <line num="112" count="15" type="stmt"/>
        <line num="113" count="15" type="cond" truecount="2" falsecount="0"/>
        <line num="114" count="12" type="stmt"/>
        <line num="118" count="15" type="stmt"/>
        <line num="119" count="15" type="stmt"/>
        <line num="123" count="15" type="stmt"/>
        <line num="124" count="14" type="stmt"/>
        <line num="129" count="15" type="stmt"/>
        <line num="130" count="15" type="stmt"/>
        <line num="131" count="77" type="stmt"/>
        <line num="133" count="15" type="cond" truecount="2" falsecount="0"/>
        <line num="134" count="11" type="stmt"/>
        <line num="135" count="73" type="stmt"/>
        <line num="137" count="11" type="stmt"/>
        <line num="141" count="4" type="stmt"/>
        <line num="142" count="4" type="stmt"/>
        <line num="143" count="19" type="cond" truecount="1" falsecount="1"/>
        <line num="144" count="19" type="cond" truecount="2" falsecount="0"/>
        <line num="145" count="19" type="stmt"/>
        <line num="148" count="4" type="stmt"/>
        <line num="149" count="4" type="stmt"/>
        <line num="150" count="10" type="cond" truecount="1" falsecount="1"/>
        <line num="151" count="10" type="stmt"/>
        <line num="153" count="10" type="stmt"/>
        <line num="154" count="19" type="stmt"/>
        <line num="158" count="4" type="stmt"/>
        <line num="170" count="15" type="stmt"/>
        <line num="171" count="0" type="cond" truecount="0" falsecount="4"/>
        <line num="172" count="0" type="stmt"/>
        <line num="173" count="0" type="stmt"/>
        <line num="174" count="0" type="stmt"/>
        <line num="181" count="15" type="stmt"/>
        <line num="183" count="0" type="stmt"/>
        <line num="184" count="0" type="stmt"/>
        <line num="185" count="0" type="stmt"/>
        <line num="186" count="0" type="stmt"/>
        <line num="188" count="0" type="cond" truecount="0" falsecount="2"/>
        <line num="189" count="0" type="stmt"/>
        <line num="190" count="0" type="cond" truecount="0" falsecount="4"/>
        <line num="198" count="15" type="stmt"/>
        <line num="199" count="15" type="stmt"/>
        <line num="200" count="0" type="cond" truecount="0" falsecount="2"/>
        <line num="203" count="0" type="cond" truecount="0" falsecount="2"/>
        <line num="204" count="0" type="cond" truecount="0" falsecount="2"/>
        <line num="207" count="0" type="stmt"/>
        <line num="208" count="0" type="stmt"/>
        <line num="209" count="0" type="stmt"/>
        <line num="210" count="0" type="stmt"/>
        <line num="212" count="0" type="stmt"/>
        <line num="213" count="0" type="stmt"/>
        <line num="215" count="0" type="cond" truecount="0" falsecount="2"/>
        <line num="216" count="0" type="stmt"/>
        <line num="217" count="0" type="cond" truecount="0" falsecount="2"/>
        <line num="218" count="0" type="cond" truecount="0" falsecount="2"/>
        <line num="219" count="0" type="stmt"/>
        <line num="220" count="0" type="stmt"/>
        <line num="221" count="0" type="stmt"/>
        <line num="224" count="0" type="stmt"/>
        <line num="225" count="0" type="cond" truecount="0" falsecount="2"/>
        <line num="228" count="0" type="cond" truecount="0" falsecount="2"/>
        <line num="229" count="0" type="stmt"/>
        <line num="230" count="0" type="stmt"/>
        <line num="235" count="15" type="stmt"/>
        <line num="236" count="15" type="stmt"/>
        <line num="241" count="15" type="stmt"/>
        <line num="242" count="0" type="stmt"/>
        <line num="245" count="15" type="stmt"/>
        <line num="247" count="0" type="stmt"/>
        <line num="248" count="0" type="stmt"/>
        <line num="249" count="0" type="stmt"/>
        <line num="250" count="0" type="cond" truecount="0" falsecount="2"/>
        <line num="261" count="15" type="stmt"/>
        <line num="262" count="0" type="stmt"/>
        <line num="265" count="0" type="cond" truecount="0" falsecount="2"/>
        <line num="274" count="0" type="stmt"/>
        <line num="275" count="0" type="stmt"/>
        <line num="278" count="0" type="stmt"/>
        <line num="279" count="0" type="stmt"/>
        <line num="280" count="0" type="stmt"/>
        <line num="281" count="0" type="stmt"/>
        <line num="284" count="0" type="cond" truecount="0" falsecount="2"/>
        <line num="285" count="0" type="stmt"/>
        <line num="286" count="0" type="cond" truecount="0" falsecount="2"/>
        <line num="287" count="0" type="cond" truecount="0" falsecount="2"/>
        <line num="288" count="0" type="stmt"/>
        <line num="289" count="0" type="stmt"/>
        <line num="290" count="0" type="stmt"/>
        <line num="293" count="0" type="stmt"/>
        <line num="297" count="0" type="stmt"/>
        <line num="298" count="0" type="cond" truecount="0" falsecount="2"/>
        <line num="302" count="0" type="cond" truecount="0" falsecount="2"/>
        <line num="303" count="0" type="stmt"/>
        <line num="304" count="0" type="stmt"/>
        <line num="310" count="15" type="stmt"/>
        <line num="312" count="0" type="cond" truecount="0" falsecount="2"/>
        <line num="314" count="0" type="cond" truecount="0" falsecount="5"/>
        <line num="316" count="0" type="stmt"/>
        <line num="317" count="0" type="cond" truecount="0" falsecount="2"/>
        <line num="318" count="0" type="stmt"/>
        <line num="319" count="0" type="stmt"/>
        <line num="321" count="0" type="stmt"/>
        <line num="322" count="0" type="cond" truecount="0" falsecount="2"/>
        <line num="323" count="0" type="stmt"/>
        <line num="325" count="0" type="stmt"/>
        <line num="331" count="0" type="stmt"/>
        <line num="334" count="0" type="stmt"/>
        <line num="337" count="0" type="stmt"/>
        <line num="338" count="0" type="cond" truecount="0" falsecount="2"/>
        <line num="339" count="0" type="stmt"/>
        <line num="340" count="0" type="stmt"/>
        <line num="342" count="0" type="stmt"/>
        <line num="343" count="0" type="cond" truecount="0" falsecount="2"/>
        <line num="344" count="0" type="stmt"/>
        <line num="346" count="0" type="stmt"/>
        <line num="352" count="0" type="stmt"/>
        <line num="355" count="0" type="stmt"/>
        <line num="358" count="0" type="stmt"/>
        <line num="359" count="0" type="cond" truecount="0" falsecount="5"/>
        <line num="360" count="0" type="stmt"/>
        <line num="361" count="0" type="cond" truecount="0" falsecount="4"/>
        <line num="362" count="0" type="stmt"/>
        <line num="363" count="0" type="stmt"/>
        <line num="364" count="0" type="stmt"/>
        <line num="365" count="0" type="stmt"/>
        <line num="367" count="0" type="stmt"/>
        <line num="370" count="0" type="stmt"/>
        <line num="371" count="0" type="cond" truecount="0" falsecount="2"/>
        <line num="372" count="0" type="stmt"/>
        <line num="374" count="0" type="stmt"/>
        <line num="377" count="0" type="stmt"/>
        <line num="396" count="15" type="stmt"/>
        <line num="398" count="0" type="cond" truecount="0" falsecount="2"/>
        <line num="399" count="0" type="stmt"/>
        <line num="400" count="0" type="stmt"/>
        <line num="401" count="0" type="stmt"/>
        <line num="402" count="0" type="stmt"/>
        <line num="404" count="0" type="stmt"/>
        <line num="411" count="15" type="stmt"/>
        <line num="412" count="0" type="stmt"/>
        <line num="413" count="0" type="stmt"/>
        <line num="414" count="0" type="stmt"/>
        <line num="416" count="0" type="stmt"/>
        <line num="421" count="15" type="stmt"/>
        <line num="422" count="0" type="cond" truecount="0" falsecount="2"/>
        <line num="423" count="0" type="stmt"/>
        <line num="425" count="0" type="stmt"/>
        <line num="431" count="15" type="stmt"/>
        <line num="433" count="92" type="stmt"/>
        <line num="434" count="92" type="stmt"/>
        <line num="436" count="92" type="stmt"/>
        <line num="445" count="92" type="stmt"/>
        <line num="449" count="0" type="stmt"/>
        <line num="452" count="0" type="stmt"/>
        <line num="453" count="0" type="cond" truecount="0" falsecount="2"/>
        <line num="482" count="15" type="stmt"/>
        <line num="483" count="15" type="cond" truecount="1" falsecount="1"/>
        <line num="484" count="0" type="stmt"/>
        <line num="492" count="15" type="cond" truecount="1" falsecount="1"/>
        <line num="493" count="0" type="stmt"/>
        <line num="496" count="15" type="stmt"/>
        <line num="497" count="102" type="cond" truecount="2" falsecount="0"/>
        <line num="498" count="10" type="stmt"/>
        <line num="504" count="92" type="stmt"/>
        <line num="510" count="15" type="cond" truecount="2" falsecount="0"/>
        <line num="511" count="15" type="cond" truecount="2" falsecount="0"/>
        <line num="512" count="15" type="cond" truecount="2" falsecount="0"/>
        <line num="516" count="15" type="stmt"/>
        <line num="526" count="15" type="cond" truecount="1" falsecount="1"/>
        <line num="530" count="15" type="stmt"/>
        <line num="591" count="0" type="stmt"/>
        <line num="615" count="2" type="stmt"/>
      </file>
      <file name="Combobox.scss" path="/Users/pedromealha/Documents/Repositories/Personal/eidos-ui/src/components/Combobox/Combobox.scss">
        <metrics statements="0" coveredstatements="0" conditionals="0" coveredconditionals="0" methods="0" coveredmethods="0"/>
      </file>
      <file name="index.ts" path="/Users/pedromealha/Documents/Repositories/Personal/eidos-ui/src/components/Combobox/index.ts">
        <metrics statements="0" coveredstatements="0" conditionals="0" coveredconditionals="0" methods="0" coveredmethods="0"/>
      </file>
    </package>
    <package name="Personal.eidos-ui.src.components.CommandPalette">
      <metrics statements="121" coveredstatements="91" conditionals="101" coveredconditionals="61" methods="37" coveredmethods="26"/>
      <file name="CommandPalette.component.tsx" path="/Users/pedromealha/Documents/Repositories/Personal/eidos-ui/src/components/CommandPalette/CommandPalette.component.tsx">
        <metrics statements="119" coveredstatements="90" conditionals="101" coveredconditionals="61" methods="36" coveredmethods="26"/>
        <line num="1" count="3" type="stmt"/>
        <line num="12" count="3" type="stmt"/>
        <line num="17" count="18" type="stmt"/>
        <line num="18" count="18" type="cond" truecount="1" falsecount="1"/>
        <line num="19" count="0" type="stmt"/>
        <line num="20" count="0" type="stmt"/>
        <line num="39" count="18" type="stmt"/>
        <line num="40" count="18" type="stmt"/>
        <line num="42" count="18" type="stmt"/>
        <line num="43" count="112" type="cond" truecount="1" falsecount="1"/>
        <line num="44" count="112" type="stmt"/>
        <line num="45" count="112" type="cond" truecount="2" falsecount="0"/>
        <line num="46" count="64" type="cond" truecount="1" falsecount="1"/>
        <line num="47" count="64" type="stmt"/>
        <line num="48" count="64" type="stmt"/>
        <line num="50" count="112" type="stmt"/>
        <line num="53" count="18" type="stmt"/>
        <line num="58" count="3" type="stmt"/>
        <line num="74" count="24" type="stmt"/>
        <line num="75" count="24" type="stmt"/>
        <line num="83" count="24" type="stmt"/>
        <line num="84" count="24" type="stmt"/>
        <line num="85" count="24" type="cond" truecount="1" falsecount="1"/>
        <line num="87" count="24" type="stmt"/>
        <line num="88" count="1" type="cond" truecount="1" falsecount="1"/>
        <line num="89" count="1" type="stmt"/>
        <line num="96" count="24" type="stmt"/>
        <line num="97" count="1" type="cond" truecount="1" falsecount="1"/>
        <line num="98" count="0" type="stmt"/>
        <line num="100" count="1" type="stmt"/>
        <line num="105" count="24" type="stmt"/>
        <line num="106" count="18" type="cond" truecount="2" falsecount="0"/>
        <line num="108" count="10" type="stmt"/>
        <line num="109" count="0" type="cond" truecount="0" falsecount="6"/>
        <line num="110" count="0" type="stmt"/>
        <line num="111" count="0" type="stmt"/>
        <line num="114" count="10" type="stmt"/>
        <line num="115" count="10" type="stmt"/>
        <line num="124" count="24" type="stmt"/>
        <line num="125" count="24" type="stmt"/>
        <line num="127" count="24" type="stmt"/>
        <line num="128" count="20" type="stmt"/>
        <line num="129" count="20" type="stmt"/>
        <line num="132" count="20" type="cond" truecount="2" falsecount="0"/>
        <line num="133" count="1" type="stmt"/>
        <line num="137" count="1" type="stmt"/>
        <line num="138" count="1" type="stmt"/>
        <line num="141" count="19" type="stmt"/>
        <line num="142" count="19" type="stmt"/>
        <line num="145" count="20" type="stmt"/>
        <line num="146" count="18" type="stmt"/>
        <line num="147" count="18" type="stmt"/>
        <line num="148" count="18" type="stmt"/>
        <line num="153" count="24" type="stmt"/>
        <line num="154" count="24" type="stmt"/>
        <line num="156" count="24" type="stmt"/>
        <line num="157" count="24" type="stmt"/>
        <line num="158" count="24" type="stmt"/>
        <line num="161" count="24" type="stmt"/>
        <line num="162" count="112" type="stmt"/>
        <line num="163" count="24" type="stmt"/>
        <line num="166" count="24" type="stmt"/>
        <line num="167" count="20" type="cond" truecount="2" falsecount="0"/>
        <line num="168" count="1" type="stmt"/>
        <line num="169" count="1" type="stmt"/>
        <line num="181" count="24" type="cond" truecount="2" falsecount="0"/>
        <line num="184" count="24" type="stmt"/>
        <line num="185" count="18" type="stmt"/>
        <line num="189" count="24" type="stmt"/>
        <line num="190" count="18" type="stmt"/>
        <line num="191" count="18" type="cond" truecount="2" falsecount="0"/>
        <line num="192" count="17" type="stmt"/>
        <line num="197" count="24" type="stmt"/>
        <line num="198" count="20" type="cond" truecount="2" falsecount="0"/>
        <line num="199" count="1" type="stmt"/>
        <line num="201" count="20" type="stmt"/>
        <line num="202" count="18" type="stmt"/>
        <line num="208" count="24" type="stmt"/>
        <line num="210" count="0" type="cond" truecount="0" falsecount="2"/>
        <line num="211" count="0" type="stmt"/>
        <line num="212" count="0" type="stmt"/>
        <line num="213" count="0" type="stmt"/>
        <line num="218" count="24" type="stmt"/>
        <line num="220" count="13" type="cond" truecount="1" falsecount="3"/>
        <line num="222" count="0" type="stmt"/>
        <line num="223" count="0" type="cond" truecount="0" falsecount="2"/>
        <line num="224" count="0" type="stmt"/>
        <line num="225" count="0" type="stmt"/>
        <line num="228" count="0" type="stmt"/>
        <line num="229" count="0" type="cond" truecount="0" falsecount="2"/>
        <line num="230" count="0" type="stmt"/>
        <line num="231" count="0" type="stmt"/>
        <line num="234" count="0" type="stmt"/>
        <line num="235" count="0" type="stmt"/>
        <line num="236" count="0" type="cond" truecount="0" falsecount="2"/>
        <line num="237" count="0" type="stmt"/>
        <line num="240" count="1" type="stmt"/>
        <line num="241" count="1" type="stmt"/>
        <line num="242" count="1" type="stmt"/>
        <line num="249" count="24" type="stmt"/>
        <line num="253" count="0" type="cond" truecount="0" falsecount="2"/>
        <line num="254" count="0" type="stmt"/>
        <line num="266" count="24" type="cond" truecount="2" falsecount="0"/>
        <line num="282" count="24" type="cond" truecount="1" falsecount="1"/>
        <line num="296" count="24" type="stmt"/>
        <line num="334" count="0" type="stmt"/>
        <line num="362" count="16" type="stmt"/>
        <line num="374" count="28" type="stmt"/>
        <line num="375" count="28" type="stmt"/>
        <line num="377" count="28" type="stmt"/>
        <line num="381" count="56" type="cond" truecount="2" falsecount="0"/>
        <line num="382" count="28" type="stmt"/>
        <line num="384" count="28" type="stmt"/>
        <line num="397" count="0" type="stmt"/>
        <line num="399" count="0" type="cond" truecount="0" falsecount="2"/>
        <line num="400" count="0" type="stmt"/>
        <line num="401" count="0" type="cond" truecount="0" falsecount="2"/>
        <line num="424" count="24" type="stmt"/>
        <line num="461" count="3" type="stmt"/>
      </file>
      <file name="CommandPalette.fixtures.ts" path="/Users/pedromealha/Documents/Repositories/Personal/eidos-ui/src/components/CommandPalette/CommandPalette.fixtures.ts">
        <metrics statements="2" coveredstatements="1" conditionals="0" coveredconditionals="0" methods="1" coveredmethods="0"/>
        <line num="14" count="3" type="stmt"/>
        <line num="28" count="0" type="stmt"/>
      </file>
      <file name="CommandPalette.scss" path="/Users/pedromealha/Documents/Repositories/Personal/eidos-ui/src/components/CommandPalette/CommandPalette.scss">
        <metrics statements="0" coveredstatements="0" conditionals="0" coveredconditionals="0" methods="0" coveredmethods="0"/>
      </file>
      <file name="index.ts" path="/Users/pedromealha/Documents/Repositories/Personal/eidos-ui/src/components/CommandPalette/index.ts">
        <metrics statements="0" coveredstatements="0" conditionals="0" coveredconditionals="0" methods="0" coveredmethods="0"/>
      </file>
    </package>
    <package name="Personal.eidos-ui.src.components.ContextMenu">
      <metrics statements="48" coveredstatements="16" conditionals="22" coveredconditionals="7" methods="12" coveredmethods="4"/>
      <file name="ContextMenu.component.tsx" path="/Users/pedromealha/Documents/Repositories/Personal/eidos-ui/src/components/ContextMenu/ContextMenu.component.tsx">
        <metrics statements="48" coveredstatements="16" conditionals="22" coveredconditionals="7" methods="12" coveredmethods="4"/>
        <line num="1" count="1" type="stmt"/>
        <line num="33" count="1" type="stmt"/>
        <line num="39" count="8" type="stmt"/>
        <line num="40" count="8" type="stmt"/>
        <line num="41" count="8" type="stmt"/>
        <line num="42" count="8" type="stmt"/>
        <line num="44" count="8" type="stmt"/>
        <line num="45" count="0" type="stmt"/>
        <line num="46" count="0" type="stmt"/>
        <line num="50" count="8" type="stmt"/>
        <line num="51" count="8" type="cond" truecount="2" falsecount="2"/>
        <line num="53" count="0" type="stmt"/>
        <line num="54" count="0" type="stmt"/>
        <line num="55" count="0" type="stmt"/>
        <line num="56" count="0" type="stmt"/>
        <line num="57" count="0" type="stmt"/>
        <line num="59" count="0" type="stmt"/>
        <line num="60" count="0" type="stmt"/>
        <line num="62" count="0" type="stmt"/>
        <line num="63" count="0" type="stmt"/>
        <line num="64" count="0" type="stmt"/>
        <line num="68" count="8" type="stmt"/>
        <line num="69" count="8" type="cond" truecount="1" falsecount="1"/>
        <line num="71" count="0" type="stmt"/>
        <line num="72" count="0" type="cond" truecount="0" falsecount="4"/>
        <line num="73" count="0" type="stmt"/>
        <line num="77" count="0" type="stmt"/>
        <line num="78" count="0" type="stmt"/>
        <line num="82" count="8" type="stmt"/>
        <line num="83" count="8" type="cond" truecount="1" falsecount="1"/>
        <line num="85" count="0" type="stmt"/>
        <line num="86" count="0" type="cond" truecount="0" falsecount="2"/>
        <line num="89" count="0" type="stmt"/>
        <line num="91" count="0" type="stmt"/>
        <line num="92" count="0" type="stmt"/>
        <line num="93" count="0" type="stmt"/>
        <line num="94" count="0" type="stmt"/>
        <line num="95" count="0" type="stmt"/>
        <line num="99" count="8" type="stmt"/>
        <line num="100" count="0" type="cond" truecount="0" falsecount="2"/>
        <line num="101" count="0" type="stmt"/>
        <line num="102" count="0" type="stmt"/>
        <line num="103" count="0" type="stmt"/>
        <line num="104" count="0" type="stmt"/>
        <line num="105" count="0" type="stmt"/>
        <line num="108" count="8" type="stmt"/>
        <line num="110" count="0" type="stmt"/>
        <line num="115" count="8" type="stmt"/>
      </file>
    </package>
    <package name="Personal.eidos-ui.src.components.Conversation">
      <metrics statements="281" coveredstatements="230" conditionals="348" coveredconditionals="266" methods="79" coveredmethods="56"/>
      <file name="Chat.component.tsx" path="/Users/pedromealha/Documents/Repositories/Personal/eidos-ui/src/components/Conversation/Chat.component.tsx">
        <metrics statements="34" coveredstatements="32" conditionals="67" coveredconditionals="61" methods="11" coveredmethods="9"/>
        <line num="1" count="1" type="stmt"/>
        <line num="18" count="1" type="stmt"/>
        <line num="19" count="1" type="stmt"/>
        <line num="21" count="4" type="stmt"/>
        <line num="42" count="1" type="stmt"/>
        <line num="71" count="10" type="stmt"/>
        <line num="72" count="10" type="stmt"/>
        <line num="73" count="10" type="stmt"/>
        <line num="75" count="10" type="stmt"/>
        <line num="77" count="10" type="stmt"/>
        <line num="78" count="9" type="stmt"/>
        <line num="79" count="9" type="stmt"/>
        <line num="82" count="49" type="stmt"/>
        <line num="86" count="10" type="stmt"/>
        <line num="87" count="10" type="cond" truecount="2" falsecount="0"/>
        <line num="88" count="5" type="stmt"/>
        <line num="91" count="10" type="cond" truecount="2" falsecount="0"/>
        <line num="92" count="10" type="cond" truecount="2" falsecount="0"/>
        <line num="94" count="10" type="stmt"/>
        <line num="95" count="49" type="stmt"/>
        <line num="96" count="49" type="cond" truecount="2" falsecount="0"/>
        <line num="97" count="49" type="cond" truecount="1" falsecount="1"/>
        <line num="99" count="49" type="stmt"/>
        <line num="101" count="49" type="cond" truecount="5" falsecount="0"/>
        <line num="102" count="16" type="stmt"/>
        <line num="109" count="49" type="cond" truecount="2" falsecount="0"/>
        <line num="110" count="1" type="stmt"/>
        <line num="122" count="49" type="cond" truecount="4" falsecount="0"/>
        <line num="127" count="49" type="stmt"/>
        <line num="138" count="0" type="cond" truecount="3" falsecount="1"/>
        <line num="144" count="49" type="stmt"/>
        <line num="147" count="10" type="stmt"/>
        <line num="214" count="0" type="stmt"/>
        <line num="240" count="1" type="stmt"/>
      </file>
      <file name="CommentThread.component.tsx" path="/Users/pedromealha/Documents/Repositories/Personal/eidos-ui/src/components/Conversation/CommentThread.component.tsx">
        <metrics statements="32" coveredstatements="27" conditionals="72" coveredconditionals="64" methods="16" coveredmethods="12"/>
        <line num="1" count="1" type="stmt"/>
        <line num="19" count="1" type="stmt"/>
        <line num="20" count="1" type="stmt"/>
        <line num="22" count="3" type="stmt"/>
        <line num="38" count="1" type="stmt"/>
        <line num="68" count="12" type="stmt"/>
        <line num="69" count="12" type="stmt"/>
        <line num="71" count="38" type="stmt"/>
        <line num="73" count="12" type="stmt"/>
        <line num="74" count="12" type="stmt"/>
        <line num="75" count="20" type="stmt"/>
        <line num="76" count="12" type="cond" truecount="2" falsecount="0"/>
        <line num="77" count="20" type="stmt"/>
        <line num="80" count="20" type="stmt"/>
        <line num="83" count="12" type="cond" truecount="2" falsecount="0"/>
        <line num="84" count="12" type="cond" truecount="2" falsecount="0"/>
        <line num="85" count="12" type="cond" truecount="2" falsecount="0"/>
        <line num="86" count="12" type="stmt"/>
        <line num="88" count="12" type="stmt"/>
        <line num="90" count="0" type="stmt"/>
        <line num="91" count="0" type="stmt"/>
        <line num="96" count="12" type="stmt"/>
        <line num="100" count="38" type="cond" truecount="2" falsecount="0"/>
        <line num="102" count="38" type="stmt"/>
        <line num="113" count="0" type="cond" truecount="3" falsecount="1"/>
        <line num="117" count="0" type="cond" truecount="1" falsecount="1"/>
        <line num="123" count="12" type="cond" truecount="2" falsecount="0"/>
        <line num="135" count="12" type="stmt"/>
        <line num="165" count="20" type="stmt"/>
        <line num="173" count="18" type="stmt"/>
        <line num="188" count="0" type="stmt"/>
        <line num="229" count="1" type="stmt"/>
      </file>
      <file name="Conversation.fixtures.ts" path="/Users/pedromealha/Documents/Repositories/Personal/eidos-ui/src/components/Conversation/Conversation.fixtures.ts">
        <metrics statements="6" coveredstatements="6" conditionals="0" coveredconditionals="0" methods="1" coveredmethods="1"/>
        <line num="9" count="3" type="stmt"/>
        <line num="16" count="3" type="stmt"/>
        <line num="22" count="3" type="stmt"/>
        <line num="30" count="30" type="stmt"/>
        <line num="32" count="3" type="stmt"/>
        <line num="72" count="3" type="stmt"/>
      </file>
      <file name="Conversation.hooks.ts" path="/Users/pedromealha/Documents/Repositories/Personal/eidos-ui/src/components/Conversation/Conversation.hooks.ts">
        <metrics statements="70" coveredstatements="59" conditionals="42" coveredconditionals="22" methods="18" coveredmethods="16"/>
        <line num="1" count="3" type="stmt"/>
        <line num="12" count="3" type="stmt"/>
        <line num="16" count="22" type="stmt"/>
        <line num="17" count="22" type="stmt"/>
        <line num="19" count="22" type="stmt"/>
        <line num="21" count="22" type="cond" truecount="1" falsecount="1"/>
        <line num="22" count="87" type="stmt"/>
        <line num="23" count="22" type="stmt"/>
        <line num="26" count="0" type="cond" truecount="0" falsecount="2"/>
        <line num="27" count="0" type="stmt"/>
        <line num="28" count="0" type="stmt"/>
        <line num="31" count="0" type="stmt"/>
        <line num="32" count="0" type="cond" truecount="0" falsecount="2"/>
        <line num="34" count="0" type="stmt"/>
        <line num="35" count="0" type="stmt"/>
        <line num="38" count="22" type="stmt"/>
        <line num="50" count="3" type="stmt"/>
        <line num="61" count="3" type="stmt"/>
        <line num="62" count="10" type="stmt"/>
        <line num="63" count="10" type="stmt"/>
        <line num="66" count="10" type="stmt"/>
        <line num="67" count="10" type="stmt"/>
        <line num="69" count="10" type="cond" truecount="1" falsecount="0"/>
        <line num="70" count="10" type="stmt"/>
        <line num="71" count="10" type="cond" truecount="1" falsecount="1"/>
        <line num="72" count="10" type="stmt"/>
        <line num="75" count="10" type="stmt"/>
        <line num="76" count="9" type="stmt"/>
        <line num="77" count="9" type="cond" truecount="1" falsecount="1"/>
        <line num="78" count="9" type="stmt"/>
        <line num="79" count="9" type="stmt"/>
        <line num="80" count="9" type="stmt"/>
        <line num="81" count="9" type="cond" truecount="1" falsecount="1"/>
        <line num="86" count="10" type="stmt"/>
        <line num="87" count="10" type="stmt"/>
        <line num="91" count="10" type="stmt"/>
        <line num="92" count="10" type="cond" truecount="2" falsecount="2"/>
        <line num="93" count="0" type="stmt"/>
        <line num="95" count="10" type="stmt"/>
        <line num="98" count="10" type="stmt"/>
        <line num="110" count="3" type="stmt"/>
        <line num="114" count="10" type="stmt"/>
        <line num="116" count="10" type="stmt"/>
        <line num="117" count="10" type="stmt"/>
        <line num="118" count="10" type="cond" truecount="1" falsecount="1"/>
        <line num="120" count="10" type="cond" truecount="2" falsecount="0"/>
        <line num="121" count="10" type="stmt"/>
        <line num="125" count="10" type="cond" truecount="1" falsecount="2"/>
        <line num="127" count="10" type="cond" truecount="1" falsecount="1"/>
        <line num="128" count="0" type="stmt"/>
        <line num="131" count="10" type="stmt"/>
        <line num="141" count="3" type="stmt"/>
        <line num="154" count="10" type="stmt"/>
        <line num="156" count="10" type="stmt"/>
        <line num="157" count="9" type="stmt"/>
        <line num="158" count="9" type="cond" truecount="1" falsecount="1"/>
        <line num="160" count="9" type="cond" truecount="2" falsecount="0"/>
        <line num="161" count="8" type="stmt"/>
        <line num="162" count="8" type="stmt"/>
        <line num="165" count="1" type="cond" truecount="3" falsecount="3"/>
        <line num="166" count="0" type="stmt"/>
        <line num="167" count="0" type="stmt"/>
        <line num="180" count="3" type="stmt"/>
        <line num="185" count="26" type="stmt"/>
        <line num="186" count="26" type="stmt"/>
        <line num="187" count="26" type="cond" truecount="1" falsecount="1"/>
        <line num="189" count="26" type="stmt"/>
        <line num="190" count="26" type="stmt"/>
        <line num="191" count="26" type="stmt"/>
        <line num="192" count="26" type="cond" truecount="1" falsecount="1"/>
      </file>
      <file name="Conversation.utils.ts" path="/Users/pedromealha/Documents/Repositories/Personal/eidos-ui/src/components/Conversation/Conversation.utils.ts">
        <metrics statements="79" coveredstatements="76" conditionals="59" coveredconditionals="41" methods="15" coveredmethods="14"/>
        <line num="10" count="3" type="stmt"/>
        <line num="15" count="3" type="stmt"/>
        <line num="21" count="3" type="stmt"/>
        <line num="27" count="3" type="stmt"/>
        <line num="28" count="255" type="stmt"/>
        <line num="29" count="255" type="cond" truecount="1" falsecount="1"/>
        <line num="32" count="3" type="stmt"/>
        <line num="33" count="87" type="stmt"/>
        <line num="34" count="87" type="cond" truecount="1" falsecount="1"/>
        <line num="37" count="3" type="stmt"/>
        <line num="38" count="130" type="stmt"/>
        <line num="40" count="3" type="stmt"/>
        <line num="41" count="49" type="stmt"/>
        <line num="42" count="49" type="stmt"/>
        <line num="43" count="49" type="cond" truecount="3" falsecount="1"/>
        <line num="44" count="49" type="stmt"/>
        <line num="48" count="3" type="stmt"/>
        <line num="49" count="16" type="stmt"/>
        <line num="50" count="16" type="cond" truecount="1" falsecount="1"/>
        <line num="52" count="16" type="stmt"/>
        <line num="53" count="16" type="stmt"/>
        <line num="55" count="16" type="cond" truecount="2" falsecount="0"/>
        <line num="56" count="8" type="cond" truecount="1" falsecount="1"/>
        <line num="57" count="0" type="cond" truecount="0" falsecount="2"/>
        <line num="62" count="3" type="stmt"/>
        <line num="64" count="3" type="stmt"/>
        <line num="65" count="8" type="cond" truecount="3" falsecount="1"/>
        <line num="66" count="8" type="cond" truecount="1" falsecount="1"/>
        <line num="68" count="8" type="stmt"/>
        <line num="69" count="8" type="stmt"/>
        <line num="70" count="8" type="cond" truecount="2" falsecount="0"/>
        <line num="71" count="8" type="stmt"/>
        <line num="72" count="8" type="stmt"/>
        <line num="76" count="8" type="cond" truecount="1" falsecount="1"/>
        <line num="84" count="3" type="stmt"/>
        <line num="89" count="70" type="cond" truecount="2" falsecount="0"/>
        <line num="90" count="41" type="cond" truecount="2" falsecount="0"/>
        <line num="91" count="8" type="cond" truecount="1" falsecount="1"/>
        <line num="93" count="8" type="stmt"/>
        <line num="94" count="8" type="stmt"/>
        <line num="95" count="8" type="cond" truecount="3" falsecount="1"/>
        <line num="97" count="8" type="stmt"/>
        <line num="100" count="3" type="stmt"/>
        <line num="101" count="32" type="stmt"/>
        <line num="102" count="19" type="cond" truecount="1" falsecount="1"/>
        <line num="103" count="19" type="cond" truecount="1" falsecount="1"/>
        <line num="104" count="19" type="stmt"/>
        <line num="124" count="3" type="stmt"/>
        <line num="125" count="38" type="stmt"/>
        <line num="128" count="12" type="stmt"/>
        <line num="129" count="18" type="stmt"/>
        <line num="130" count="18" type="stmt"/>
        <line num="132" count="18" type="stmt"/>
        <line num="133" count="27" type="stmt"/>
        <line num="134" count="27" type="cond" truecount="3" falsecount="1"/>
        <line num="135" count="27" type="stmt"/>
        <line num="136" count="27" type="stmt"/>
        <line num="139" count="18" type="stmt"/>
        <line num="142" count="12" type="stmt"/>
        <line num="143" count="12" type="stmt"/>
        <line num="145" count="12" type="stmt"/>
        <line num="146" count="38" type="cond" truecount="4" falsecount="0"/>
        <line num="147" count="20" type="stmt"/>
        <line num="148" count="20" type="stmt"/>
        <line num="149" count="20" type="stmt"/>
        <line num="152" count="12" type="stmt"/>
        <line num="153" count="38" type="cond" truecount="4" falsecount="0"/>
        <line num="154" count="18" type="stmt"/>
        <line num="157" count="12" type="stmt"/>
        <line num="158" count="20" type="stmt"/>
        <line num="161" count="12" type="stmt"/>
        <line num="165" count="3" type="stmt"/>
        <line num="170" count="18" type="cond" truecount="4" falsecount="0"/>
        <line num="171" count="9" type="stmt"/>
        <line num="175" count="3" type="cond" truecount="0" falsecount="1"/>
        <line num="176" count="0" type="stmt"/>
        <line num="177" count="0" type="cond" truecount="0" falsecount="2"/>
        <line num="180" count="3" type="stmt"/>
        <line num="181" count="139" type="stmt"/>
      </file>
      <file name="MessageComposer.component.tsx" path="/Users/pedromealha/Documents/Repositories/Personal/eidos-ui/src/components/Conversation/MessageComposer.component.tsx">
        <metrics statements="49" coveredstatements="19" conditionals="56" coveredconditionals="33" methods="15" coveredmethods="1"/>
        <line num="1" count="3" type="stmt"/>
        <line num="17" count="3" type="stmt"/>
        <line num="36" count="26" type="stmt"/>
        <line num="37" count="26" type="stmt"/>
        <line num="38" count="26" type="stmt"/>
        <line num="40" count="26" type="stmt"/>
        <line num="41" count="26" type="stmt"/>
        <line num="42" count="26" type="stmt"/>
        <line num="44" count="26" type="stmt"/>
        <line num="45" count="26" type="cond" truecount="1" falsecount="1"/>
        <line num="47" count="26" type="stmt"/>
        <line num="49" count="26" type="stmt"/>
        <line num="51" count="0" type="cond" truecount="0" falsecount="2"/>
        <line num="52" count="0" type="stmt"/>
        <line num="57" count="26" type="cond" truecount="4" falsecount="0"/>
        <line num="59" count="26" type="stmt"/>
        <line num="60" count="0" type="cond" truecount="0" falsecount="2"/>
        <line num="62" count="0" type="stmt"/>
        <line num="63" count="0" type="stmt"/>
        <line num="67" count="0" type="cond" truecount="0" falsecount="2"/>
        <line num="68" count="0" type="stmt"/>
        <line num="69" count="0" type="stmt"/>
        <line num="70" count="0" type="stmt"/>
        <line num="73" count="0" type="stmt"/>
        <line num="74" count="0" type="stmt"/>
        <line num="75" count="0" type="stmt"/>
        <line num="76" count="0" type="stmt"/>
        <line num="77" count="0" type="stmt"/>
        <line num="83" count="0" type="stmt"/>
        <line num="87" count="26" type="stmt"/>
        <line num="88" count="0" type="cond" truecount="0" falsecount="2"/>
        <line num="91" count="0" type="cond" truecount="0" falsecount="5"/>
        <line num="92" count="0" type="stmt"/>
        <line num="93" count="0" type="stmt"/>
        <line num="96" count="26" type="stmt"/>
        <line num="97" count="0" type="cond" truecount="0" falsecount="2"/>
        <line num="98" count="0" type="stmt"/>
        <line num="100" count="0" type="cond" truecount="0" falsecount="2"/>
        <line num="103" count="26" type="stmt"/>
        <line num="104" count="0" type="stmt"/>
        <line num="106" count="26" type="stmt"/>
        <line num="110" count="0" type="stmt"/>
        <line num="111" count="0" type="stmt"/>
        <line num="150" count="0" type="stmt"/>
        <line num="166" count="0" type="stmt"/>
        <line num="172" count="0" type="stmt"/>
        <line num="195" count="0" type="stmt"/>
        <line num="206" count="0" type="stmt"/>
        <line num="245" count="3" type="stmt"/>
      </file>
      <file name="MessageItem.component.tsx" path="/Users/pedromealha/Documents/Repositories/Personal/eidos-ui/src/components/Conversation/MessageItem.component.tsx">
        <metrics statements="11" coveredstatements="11" conditionals="52" coveredconditionals="45" methods="3" coveredmethods="3"/>
        <line num="1" count="2" type="stmt"/>
        <line num="34" count="2" type="stmt"/>
        <line num="35" count="8" type="stmt"/>
        <line num="38" count="8" type="stmt"/>
        <line num="47" count="8" type="stmt"/>
        <line num="68" count="2" type="stmt"/>
        <line num="83" count="87" type="cond" truecount="1" falsecount="0"/>
        <line num="84" count="87" type="cond" truecount="1" falsecount="1"/>
        <line num="89" count="87" type="cond" truecount="2" falsecount="0"/>
        <line num="91" count="87" type="stmt"/>
        <line num="208" count="2" type="stmt"/>
      </file>
    </package>
    <package name="Personal.eidos-ui.src.components.DataGrid">
      <metrics statements="585" coveredstatements="337" conditionals="709" coveredconditionals="365" methods="185" coveredmethods="95"/>
      <file name="DataGrid.component.tsx" path="/Users/pedromealha/Documents/Repositories/Personal/eidos-ui/src/components/DataGrid/DataGrid.component.tsx">
        <metrics statements="585" coveredstatements="337" conditionals="709" coveredconditionals="365" methods="185" coveredmethods="95"/>
        <line num="1" count="1" type="stmt"/>
        <line num="71" count="1" type="stmt"/>
        <line num="72" count="1" type="stmt"/>
        <line num="73" count="1" type="stmt"/>
        <line num="74" count="1" type="stmt"/>
        <line num="75" count="1" type="stmt"/>
        <line num="76" count="1" type="stmt"/>
        <line num="88" count="1" type="stmt"/>
        <line num="123" count="1" type="stmt"/>
        <line num="124" count="4530" type="stmt"/>
        <line num="129" count="1" type="stmt"/>
        <line num="136" count="1" type="stmt"/>
        <line num="137" count="4" type="cond" truecount="2" falsecount="3"/>
        <line num="138" count="0" type="cond" truecount="0" falsecount="2"/>
        <line num="139" count="0" type="cond" truecount="0" falsecount="6"/>
        <line num="140" count="0" type="stmt"/>
        <line num="163" count="407" type="stmt"/>
        <line num="168" count="407" type="stmt"/>
        <line num="215" count="24" type="stmt"/>
        <line num="220" count="24" type="stmt"/>
        <line num="221" count="24" type="stmt"/>
        <line num="222" count="24" type="stmt"/>
        <line num="224" count="24" type="stmt"/>
        <line num="225" count="12" type="cond" truecount="1" falsecount="1"/>
        <line num="228" count="24" type="stmt"/>
        <line num="229" count="12" type="cond" truecount="1" falsecount="1"/>
        <line num="231" count="0" type="cond" truecount="0" falsecount="2"/>
        <line num="232" count="0" type="stmt"/>
        <line num="233" count="0" type="stmt"/>
        <line num="236" count="0" type="stmt"/>
        <line num="237" count="0" type="cond" truecount="0" falsecount="2"/>
        <line num="239" count="0" type="stmt"/>
        <line num="240" count="0" type="stmt"/>
        <line num="242" count="0" type="stmt"/>
        <line num="243" count="0" type="stmt"/>
        <line num="244" count="0" type="stmt"/>
        <line num="247" count="24" type="stmt"/>
        <line num="248" count="0" type="cond" truecount="0" falsecount="2"/>
        <line num="251" count="24" type="stmt"/>
        <line num="266" count="24" type="stmt"/>
        <line num="267" count="24" type="cond" truecount="1" falsecount="1"/>
[...]
        <line num="281" count="0" type="stmt"/>
        <line num="282" count="0" type="stmt"/>
        <line num="285" count="192" type="stmt"/>
        <line num="286" count="170" type="stmt"/>
        <line num="287" count="170" type="stmt"/>
        <line num="291" count="198" type="stmt"/>
        <line num="292" count="192" type="stmt"/>
        <line num="293" count="170" type="cond" truecount="1" falsecount="1"/>
        <line num="294" count="0" type="stmt"/>
        <line num="296" count="170" type="cond" truecount="1" falsecount="1"/>
        <line num="297" count="0" type="stmt"/>
        <line num="302" count="198" type="stmt"/>
        <line num="303" count="0" type="cond" truecount="0" falsecount="2"/>
        <line num="304" count="0" type="stmt"/>
        <line num="306" count="0" type="cond" truecount="0" falsecount="2"/>
        <line num="307" count="0" type="cond" truecount="0" falsecount="2"/>
        <line num="309" count="0" type="stmt"/>
        <line num="312" count="198" type="stmt"/>
        <line num="313" count="198" type="stmt"/>
        <line num="318" count="198" type="cond" truecount="3" falsecount="0"/>
        <line num="320" count="196" type="stmt"/>
        <line num="321" count="196" type="stmt"/>
        <line num="322" count="196" type="stmt"/>
        <line num="324" count="1" type="stmt"/>
        <line num="325" count="1" type="stmt"/>
        <line num="326" count="1" type="stmt"/>
        <line num="327" count="1" type="stmt"/>
        <line num="329" count="1" type="stmt"/>
        <line num="330" count="1" type="stmt"/>
        <line num="331" count="1" type="stmt"/>
        <line num="332" count="1" type="stmt"/>
        <line num="335" count="198" type="stmt"/>
        <line num="338" count="198" type="stmt"/>
        <line num="361" count="40" type="stmt"/>
      </file>
      <file name="index.ts" path="/Users/pedromealha/Documents/Repositories/Personal/eidos-ui/src/components/Tooltip/index.ts">
        <metrics statements="0" coveredstatements="0" conditionals="0" coveredconditionals="0" methods="0" coveredmethods="0"/>
      </file>
    </package>
    <package name="Personal.eidos-ui.src.components.TreeView">
      <metrics statements="146" coveredstatements="76" conditionals="131" coveredconditionals="67" methods="35" coveredmethods="19"/>
      <file name="TreeView.component.tsx" path="/Users/pedromealha/Documents/Repositories/Personal/eidos-ui/src/components/TreeView/TreeView.component.tsx">
        <metrics statements="146" coveredstatements="76" conditionals="131" coveredconditionals="67" methods="35" coveredmethods="19"/>
        <line num="1" count="1" type="stmt"/>
        <line num="12" count="4" type="stmt"/>
        <line num="14" count="16" type="stmt"/>
        <line num="15" count="36" type="cond" truecount="4" falsecount="0"/>
        <line num="16" count="12" type="stmt"/>
        <line num="17" count="12" type="stmt"/>
        <line num="21" count="4" type="stmt"/>
        <line num="22" count="4" type="stmt"/>
        <line num="27" count="8" type="stmt"/>
        <line num="29" count="32" type="stmt"/>
        <line num="30" count="72" type="stmt"/>
        <line num="31" count="72" type="cond" truecount="2" falsecount="0"/>
        <line num="34" count="8" type="stmt"/>
        <line num="35" count="8" type="stmt"/>
        <line num="40" count="8" type="stmt"/>
        <line num="42" count="32" type="stmt"/>
        <line num="43" count="72" type="stmt"/>
        <line num="44" count="72" type="cond" truecount="2" falsecount="0"/>
        <line num="47" count="8" type="stmt"/>
        <line num="48" count="8" type="stmt"/>
        <line num="56" count="0" type="stmt"/>
        <line num="58" count="0" type="stmt"/>
        <line num="59" count="0" type="stmt"/>
        <line num="60" count="0" type="cond" truecount="0" falsecount="5"/>
        <line num="61" count="0" type="stmt"/>
        <line num="65" count="0" type="stmt"/>
        <line num="66" count="0" type="stmt"/>
        <line num="90" count="1" type="stmt"/>
        <line num="93" count="70" type="stmt"/>
        <line num="94" count="70" type="cond" truecount="1" falsecount="1"/>
        <line num="95" count="70" type="stmt"/>
        <line num="108" count="1" type="stmt"/>
        <line num="109" count="70" type="stmt"/>
        <line num="110" count="70" type="stmt"/>
        <line num="112" count="70" type="cond" truecount="2" falsecount="0"/>
        <line num="113" count="70" type="cond" truecount="2" falsecount="0"/>
        <line num="114" count="70" type="stmt"/>
        <line num="115" count="70" type="stmt"/>
        <line num="118" count="70" type="stmt"/>
        <line num="120" count="131" type="cond" truecount="2" falsecount="0"/>
        <line num="121" count="61" type="stmt"/>
        <line num="126" count="70" type="stmt"/>
        <line num="127" count="0" type="cond" truecount="0" falsecount="2"/>
        <line num="130" count="70" type="stmt"/>
        <line num="132" count="0" type="stmt"/>
        <line num="133" count="0" type="cond" truecount="0" falsecount="4"/>
        <line num="136" count="70" type="stmt"/>
        <line num="137" count="0" type="stmt"/>
        <line num="141" count="70" type="cond" truecount="4" falsecount="0"/>
        <line num="142" count="70" type="cond" truecount="2" falsecount="0"/>
        <line num="143" count="70" type="cond" truecount="2" falsecount="2"/>
        <line num="145" count="70" type="stmt"/>
        <line num="153" count="70" type="stmt"/>
        <line num="161" count="70" type="cond" truecount="2" falsecount="0"/>
        <line num="165" count="70" type="stmt"/>
        <line num="175" count="0" type="stmt"/>
        <line num="208" count="46" type="stmt"/>
        <line num="216" count="1" type="stmt"/>
        <line num="222" count="1" type="stmt"/>
        <line num="246" count="8" type="stmt"/>
        <line num="247" count="8" type="stmt"/>
        <line num="250" count="8" type="stmt"/>
        <line num="251" count="8" type="stmt"/>
        <line num="252" count="8" type="cond" truecount="2" falsecount="0"/>
        <line num="255" count="8" type="stmt"/>
        <line num="256" count="8" type="cond" truecount="2" falsecount="0"/>
        <line num="257" count="8" type="cond" truecount="2" falsecount="0"/>
        <line num="260" count="8" type="stmt"/>
        <line num="261" count="8" type="cond" truecount="2" falsecount="0"/>
        <line num="262" count="7" type="cond" truecount="2" falsecount="0"/>
        <line num="266" count="8" type="stmt"/>
        <line num="267" count="8" type="stmt"/>
        <line num="269" count="8" type="cond" truecount="2" falsecount="0"/>
        <line num="270" count="4" type="cond" truecount="1" falsecount="1"/>
        <line num="272" count="8" type="cond" truecount="1" falsecount="1"/>
        <line num="273" count="8" type="stmt"/>
        <line num="276" count="8" type="cond" truecount="1" falsecount="1"/>
        <line num="279" count="8" type="stmt"/>
        <line num="282" count="8" type="stmt"/>
        <line num="284" count="0" type="stmt"/>
        <line num="285" count="0" type="cond" truecount="0" falsecount="2"/>
        <line num="286" count="0" type="stmt"/>
        <line num="287" count="0" type="cond" truecount="0" falsecount="2"/>
        <line num="290" count="0" type="stmt"/>
        <line num="296" count="8" type="stmt"/>
        <line num="298" count="0" type="cond" truecount="0" falsecount="2"/>
        <line num="300" count="0" type="cond" truecount="0" falsecount="2"/>
        <line num="301" count="0" type="stmt"/>
        <line num="302" count="0" type="cond" truecount="0" falsecount="2"/>
        <line num="303" count="0" type="stmt"/>
        <line num="306" count="0" type="cond" truecount="0" falsecount="2"/>
        <line num="308" count="0" type="stmt"/>
        <line num="309" count="0" type="stmt"/>
        <line num="310" count="0" type="stmt"/>
        <line num="311" count="0" type="stmt"/>
        <line num="313" count="0" type="cond" truecount="0" falsecount="2"/>
        <line num="314" count="0" type="stmt"/>
        <line num="318" count="0" type="stmt"/>
        <line num="333" count="8" type="stmt"/>
        <line num="334" count="0" type="stmt"/>
        <line num="338" count="8" type="stmt"/>
        <line num="340" count="0" type="stmt"/>
        <line num="341" count="0" type="stmt"/>
        <line num="344" count="0" type="stmt"/>
        <line num="345" count="0" type="stmt"/>
        <line num="346" count="0" type="stmt"/>
        <line num="349" count="0" type="cond" truecount="0" falsecount="9"/>
        <line num="351" count="0" type="stmt"/>
        <line num="352" count="0" type="stmt"/>
        <line num="353" count="0" type="cond" truecount="0" falsecount="2"/>
        <line num="354" count="0" type="stmt"/>
        <line num="358" count="0" type="stmt"/>
        <line num="359" count="0" type="stmt"/>
        <line num="360" count="0" type="cond" truecount="0" falsecount="2"/>
        <line num="361" count="0" type="stmt"/>
        <line num="365" count="0" type="stmt"/>
        <line num="366" count="0" type="cond" truecount="0" falsecount="2"/>
        <line num="367" count="0" type="cond" truecount="0" falsecount="2"/>
        <line num="369" count="0" type="stmt"/>
        <line num="372" count="0" type="stmt"/>
        <line num="373" count="0" type="cond" truecount="0" falsecount="2"/>
        <line num="375" count="0" type="stmt"/>
        <line num="379" count="0" type="stmt"/>
        <line num="380" count="0" type="cond" truecount="0" falsecount="4"/>
        <line num="382" count="0" type="stmt"/>
        <line num="385" count="0" type="stmt"/>
        <line num="386" count="0" type="cond" truecount="0" falsecount="4"/>
        <line num="388" count="0" type="stmt"/>
        <line num="393" count="0" type="stmt"/>
        <line num="394" count="0" type="cond" truecount="0" falsecount="2"/>
        <line num="395" count="0" type="stmt"/>
        <line num="399" count="0" type="stmt"/>
        <line num="400" count="0" type="stmt"/>
        <line num="401" count="0" type="cond" truecount="0" falsecount="2"/>
        <line num="402" count="0" type="stmt"/>
        <line num="406" count="0" type="stmt"/>
        <line num="407" count="0" type="stmt"/>
        <line num="408" count="0" type="cond" truecount="0" falsecount="2"/>
        <line num="409" count="0" type="stmt"/>
        <line num="413" count="0" type="stmt"/>
        <line num="420" count="8" type="stmt"/>
        <line num="421" count="8" type="stmt"/>
        <line num="450" count="8" type="stmt"/>
        <line num="452" count="8" type="stmt"/>
        <line num="456" count="24" type="stmt"/>
        <line num="463" count="1" type="stmt"/>
      </file>
      <file name="TreeView.scss" path="/Users/pedromealha/Documents/Repositories/Personal/eidos-ui/src/components/TreeView/TreeView.scss">
        <metrics statements="0" coveredstatements="0" conditionals="0" coveredconditionals="0" methods="0" coveredmethods="0"/>
      </file>
    </package>
    <package name="Personal.eidos-ui.src.components.VirtualList">
      <metrics statements="27" coveredstatements="18" conditionals="33" coveredconditionals="23" methods="7" coveredmethods="6"/>
      <file name="VirtualList.component.tsx" path="/Users/pedromealha/Documents/Repositories/Personal/eidos-ui/src/components/VirtualList/VirtualList.component.tsx">
        <metrics statements="27" coveredstatements="18" conditionals="33" coveredconditionals="23" methods="7" coveredmethods="6"/>
        <line num="1" count="1" type="stmt"/>
        <line num="20" count="16" type="cond" truecount="2" falsecount="0"/>
        <line num="21" count="8" type="cond" truecount="1" falsecount="1"/>
        <line num="44" count="8" type="stmt"/>
        <line num="51" count="8" type="stmt"/>
        <line num="56" count="8" type="stmt"/>
        <line num="57" count="20100" type="cond" truecount="2" falsecount="0"/>
        <line num="61" count="8" type="stmt"/>
        <line num="63" count="8" type="stmt"/>
        <line num="73" count="8" type="stmt"/>
        <line num="75" count="0" type="stmt"/>
        <line num="76" count="0" type="stmt"/>
        <line num="78" count="0" type="cond" truecount="0" falsecount="2"/>
        <line num="79" count="0" type="stmt"/>
        <line num="80" count="0" type="cond" truecount="0" falsecount="4"/>
        <line num="81" count="0" type="stmt"/>
        <line num="82" count="0" type="stmt"/>
        <line num="83" count="0" type="cond" truecount="0" falsecount="2"/>
        <line num="85" count="0" type="stmt"/>
        <line num="93" count="8" type="stmt"/>
        <line num="100" count="8" type="cond" truecount="2" falsecount="0"/>
        <line num="103" count="8" type="stmt"/>
        <line num="116" count="8" type="stmt"/>
        <line num="146" count="34" type="stmt"/>
        <line num="151" count="34" type="cond" truecount="1" falsecount="1"/>
        <line num="152" count="34" type="stmt"/>
        <line num="177" count="1" type="stmt"/>
      </file>
      <file name="VirtualList.scss" path="/Users/pedromealha/Documents/Repositories/Personal/eidos-ui/src/components/VirtualList/VirtualList.scss">
        <metrics statements="0" coveredstatements="0" conditionals="0" coveredconditionals="0" methods="0" coveredmethods="0"/>
      </file>
    </package>
    <package name="Personal.eidos-ui.src.styles">
      <metrics statements="0" coveredstatements="0" conditionals="0" coveredconditionals="0" methods="0" coveredmethods="0"/>
      <file name="index.scss" path="/Users/pedromealha/Documents/Repositories/Personal/eidos-ui/src/styles/index.scss">
        <metrics statements="0" coveredstatements="0" conditionals="0" coveredconditionals="0" methods="0" coveredmethods="0"/>
      </file>
    </package>
    <package name="Personal.eidos-ui.src.utils">
      <metrics statements="79" coveredstatements="73" conditionals="65" coveredconditionals="52" methods="13" coveredmethods="13"/>
      <file name="devWarn.ts" path="/Users/pedromealha/Documents/Repositories/Personal/eidos-ui/src/utils/devWarn.ts">
        <metrics statements="6" coveredstatements="6" conditionals="4" coveredconditionals="3" methods="1" coveredmethods="1"/>
        <line num="16" count="46" type="stmt"/>
        <line num="19" count="6" type="stmt"/>
        <line num="21" count="6" type="cond" truecount="1" falsecount="1"/>
        <line num="22" count="6" type="cond" truecount="2" falsecount="0"/>
        <line num="23" count="3" type="stmt"/>
        <line num="24" count="3" type="stmt"/>
      </file>
      <file name="dualModifier.ts" path="/Users/pedromealha/Documents/Repositories/Personal/eidos-ui/src/utils/dualModifier.ts">
        <metrics statements="4" coveredstatements="4" conditionals="0" coveredconditionals="0" methods="2" coveredmethods="2"/>
        <line num="29" count="47" type="stmt"/>
        <line num="30" count="224" type="stmt"/>
        <line num="33" count="47" type="stmt"/>
        <line num="34" count="198" type="stmt"/>
      </file>
      <file name="index.ts" path="/Users/pedromealha/Documents/Repositories/Personal/eidos-ui/src/utils/index.ts">
        <metrics statements="0" coveredstatements="0" conditionals="0" coveredconditionals="0" methods="0" coveredmethods="0"/>
      </file>
      <file name="renderIcon.tsx" path="/Users/pedromealha/Documents/Repositories/Personal/eidos-ui/src/utils/renderIcon.tsx">
        <metrics statements="12" coveredstatements="11" conditionals="8" coveredconditionals="4" methods="2" coveredmethods="2"/>
        <line num="1" count="46" type="stmt"/>
        <line num="28" count="46" type="stmt"/>
        <line num="29" count="463" type="cond" truecount="1" falsecount="1"/>
        <line num="31" count="463" type="cond" truecount="2" falsecount="0"/>
        <line num="33" count="117" type="stmt"/>
        <line num="35" count="137" type="stmt"/>
        <line num="39" count="117" type="stmt"/>
        <line num="42" count="117" type="cond" truecount="1" falsecount="1"/>
        <line num="43" count="117" type="stmt"/>
        <line num="47" count="0" type="cond" truecount="0" falsecount="2"/>
        <line num="51" count="346" type="stmt"/>
        <line num="52" count="346" type="stmt"/>
      </file>
      <file name="useDialogFocus.ts" path="/Users/pedromealha/Documents/Repositories/Personal/eidos-ui/src/utils/useDialogFocus.ts">
        <metrics statements="57" coveredstatements="52" conditionals="53" coveredconditionals="45" methods="8" coveredmethods="8"/>
        <line num="1" count="46" type="stmt"/>
        <line num="48" count="46" type="stmt"/>
        <line num="69" count="46" type="stmt"/>
        <line num="70" count="65" type="cond" truecount="2" falsecount="0"/>
        <line num="72" count="46" type="stmt"/>
        <line num="73" count="45" type="stmt"/>
        <line num="74" count="65" type="cond" truecount="2" falsecount="0"/>
        <line num="78" count="46" type="stmt"/>
        <line num="97" count="46" type="stmt"/>
        <line num="102" count="84" type="stmt"/>
        <line num="103" count="58" type="stmt"/>
        <line num="104" count="58" type="cond" truecount="4" falsecount="0"/>
        <line num="110" count="4" type="stmt"/>
        <line num="112" count="4" type="stmt"/>
        <line num="127" count="4" type="stmt"/>
        <line num="128" count="4" type="stmt"/>
        <line num="129" count="4" type="stmt"/>
        <line num="131" count="4" type="stmt"/>
        <line num="132" count="6" type="cond" truecount="2" falsecount="0"/>
        <line num="133" count="6" type="cond" truecount="2" falsecount="0"/>
        <line num="134" count="2" type="stmt"/>
        <line num="139" count="4" type="cond" truecount="2" falsecount="0"/>
        <line num="140" count="4" type="stmt"/>
        <line num="143" count="6" type="cond" truecount="4" falsecount="0"/>
        <line num="144" count="2" type="stmt"/>
        <line num="145" count="2" type="stmt"/>
        <line num="149" count="4" type="stmt"/>
        <line num="151" count="4" type="stmt"/>
        <line num="152" count="63" type="cond" truecount="2" falsecount="0"/>
        <line num="154" count="40" type="cond" truecount="1" falsecount="1"/>
        <line num="159" count="40" type="stmt"/>
        <line num="160" count="40" type="cond" truecount="1" falsecount="1"/>
        <line num="161" count="0" type="stmt"/>
        <line num="162" count="0" type="stmt"/>
        <line num="165" count="40" type="stmt"/>
        <line num="166" count="40" type="stmt"/>
        <line num="167" count="40" type="stmt"/>
        <line num="171" count="40" type="cond" truecount="3" falsecount="1"/>
        <line num="172" count="0" type="stmt"/>
        <line num="173" count="0" type="cond" truecount="0" falsecount="2"/>
        <line num="174" count="0" type="stmt"/>
        <line num="177" count="40" type="cond" truecount="4" falsecount="0"/>
        <line num="178" count="16" type="stmt"/>
        <line num="179" count="16" type="stmt"/>
        <line num="180" count="24" type="cond" truecount="4" falsecount="0"/>
        <line num="181" count="15" type="stmt"/>
        <line num="182" count="15" type="stmt"/>
        <line num="186" count="4" type="cond" truecount="2" falsecount="0"/>
        <line num="188" count="4" type="stmt"/>
        <line num="189" count="4" type="stmt"/>
        <line num="190" count="4" type="stmt"/>
        <line num="192" count="4" type="stmt"/>
        <line num="193" count="4" type="cond" truecount="1" falsecount="1"/>
        <line num="208" count="4" type="stmt"/>
        <line num="209" count="4" type="cond" truecount="2" falsecount="1"/>
        <line num="211" count="4" type="cond" truecount="4" falsecount="1"/>
        <line num="212" count="4" type="stmt"/>
      </file>
    </package>
  </project>
</coverage>
